<?xml version="1.0" encoding="UTF-8"?>
<!-- Generated by org.testng.reporters.JUnitReportReporter -->
<testsuite skipped="0" hostname="LAPTOP-U4EG9MVM" name="klm.SliderDemo" tests="1" failures="0" timestamp="13 Dec 2017 05:48:57 GMT" time="12.600" errors="0">
  <testcase name="slider" time="12.600" classname="klm.SliderDemo"/>
</testsuite> <!-- klm.SliderDemo -->
