<?xml version="1.0" encoding="UTF-8"?>
<!-- Generated by org.testng.reporters.JUnitReportReporter -->
<testsuite skipped="0" hostname="LAPTOP-U4EG9MVM" name="klm.LinkText1" tests="1" failures="0" timestamp="13 Dec 2017 05:48:57 GMT" time="19.446" errors="0">
  <testcase name="link1" time="19.446" classname="klm.LinkText1"/>
</testsuite> <!-- klm.LinkText1 -->
