<?xml version="1.0" encoding="UTF-8"?>
<!-- Generated by org.testng.reporters.JUnitReportReporter -->
<testsuite skipped="0" hostname="LAPTOP-U4EG9MVM" name="klm.AJDemo" tests="1" failures="0" timestamp="13 Dec 2017 05:48:57 GMT" time="24.229" errors="0">
  <testcase name="banTest" time="24.229" classname="klm.AJDemo"/>
</testsuite> <!-- klm.AJDemo -->
